# JRE version: Java(TM) SE Runtime Environment (8.0_181-b13) (build 1.8.0_181-b13)
# Java VM: Java HotSpot(TM) 64-Bit Server VM (25.181-b13 mixed mode windows-amd64 compressed oops)
Heap:
 PSYoungGen      total 552960K, used 37037K [0x000000066b000000, 0x000000068f680000, 0x00000007c0000000)
  eden space 509440K, 7% used [0x000000066b000000,0x000000066d42b7d0,0x000000068a180000)
  from space 43520K, 0% used [0x000000068a180000,0x000000068a180000,0x000000068cc00000)
  to   space 43520K, 0% used [0x000000068cc00000,0x000000068cc00000,0x000000068f680000)
 ParOldGen       total 673280K, used 23773K [0x00000003c1000000, 0x00000003ea180000, 0x000000066b000000)
  object space 673280K, 3% used [0x00000003c1000000,0x00000003c27375d8,0x00000003ea180000)
 Metaspace       used 53881K, capacity 55290K, committed 55384K, reserved 1097728K
  class space    used 5875K, capacity 6225K, committed 6272K, reserved 1048576K
GC Heap History (10 events):
Event: 10.020 GC heap before
{Heap before GC invocations=12 (full 5):
 PSYoungGen      total 552960K, used 838K [0x000000066b000000, 0x000000068f680000, 0x00000007c0000000)
  eden space 509440K, 0% used [0x000000066b000000,0x000000066b000000,0x000000068a180000)
  from space 43520K, 1% used [0x000000068a180000,0x000000068a251a90,0x000000068cc00000)
  to   space 43520K, 0% used [0x000000068cc00000,0x000000068cc00000,0x000000068f680000)
 ParOldGen       total 673280K, used 24658K [0x00000003c1000000, 0x00000003ea180000, 0x000000066b000000)
  object space 673280K, 3% used [0x00000003c1000000,0x00000003c2814b18,0x00000003ea180000)
 Metaspace       used 52790K, capacity 53938K, committed 54232K, reserved 1097728K
  class space    used 5738K, capacity 6031K, committed 6144K, reserved 1048576K
Event: 10.093 GC heap after
Heap after GC invocations=12 (full 5):
 PSYoungGen      total 552960K, used 0K [0x000000066b000000, 0x000000068f680000, 0x00000007c0000000)
  eden space 509440K, 0% used [0x000000066b000000,0x000000066b000000,0x000000068a180000)
  from space 43520K, 0% used [0x000000068a180000,0x000000068a180000,0x000000068cc00000)
  to   space 43520K, 0% used [0x000000068cc00000,0x000000068cc00000,0x000000068f680000)
 ParOldGen       total 673280K, used 23794K [0x00000003c1000000, 0x00000003ea180000, 0x000000066b000000)
  object space 673280K, 3% used [0x00000003c1000000,0x00000003c273ca18,0x00000003ea180000)
 Metaspace       used 52790K, capacity 53938K, committed 54232K, reserved 1097728K
  class space    used 5738K, capacity 6031K, committed 6144K, reserved 1048576K
}
Event: 10.195 GC heap before
{Heap before GC invocations=13 (full 5):
 PSYoungGen      total 552960K, used 108504K [0x000000066b000000, 0x000000068f680000, 0x00000007c0000000)
  eden space 509440K, 21% used [0x000000066b000000,0x00000006719f6298,0x000000068a180000)
  from space 43520K, 0% used [0x000000068a180000,0x000000068a180000,0x000000068cc00000)
  to   space 43520K, 0% used [0x000000068cc00000,0x000000068cc00000,0x000000068f680000)
 ParOldGen       total 673280K, used 23794K [0x00000003c1000000, 0x00000003ea180000, 0x000000066b000000)
  object space 673280K, 3% used [0x00000003c1000000,0x00000003c273ca18,0x00000003ea180000)
 Metaspace       used 53022K, capacity 54196K, committed 54488K, reserved 1097728K
  class space    used 5767K, capacity 6070K, committed 6144K, reserved 1048576K
Event: 10.197 GC heap after
Heap after GC invocations=13 (full 5):
 PSYoungGen      total 552960K, used 870K [0x000000066b000000, 0x000000068f680000, 0x00000007c0000000)
  eden space 509440K, 0% used [0x000000066b000000,0x000000066b000000,0x000000068a180000)
  from space 43520K, 2% used [0x000000068cc00000,0x000000068ccd9a90,0x000000068f680000)
  to   space 43520K, 0% used [0x000000068a180000,0x000000068a180000,0x000000068cc00000)
 ParOldGen       total 673280K, used 23802K [0x00000003c1000000, 0x00000003ea180000, 0x000000066b000000)
  object space 673280K, 3% used [0x00000003c1000000,0x00000003c273ea18,0x00000003ea180000)
 Metaspace       used 53022K, capacity 54196K, committed 54488K, reserved 1097728K
  class space    used 5767K, capacity 6070K, committed 6144K, reserved 1048576K
}
Event: 10.197 GC heap before
{Heap before GC invocations=14 (full 6):
 PSYoungGen      total 552960K, used 870K [0x000000066b000000, 0x000000068f680000, 0x00000007c0000000)
  eden space 509440K, 0% used [0x000000066b000000,0x000000066b000000,0x000000068a180000)
  from space 43520K, 2% used [0x000000068cc00000,0x000000068ccd9a90,0x000000068f680000)
  to   space 43520K, 0% used [0x000000068a180000,0x000000068a180000,0x000000068cc00000)
 ParOldGen       total 673280K, used 23802K [0x00000003c1000000, 0x00000003ea180000, 0x000000066b000000)
  object space 673280K, 3% used [0x00000003c1000000,0x00000003c273ea18,0x00000003ea180000)
 Metaspace       used 53022K, capacity 54196K, committed 54488K, reserved 1097728K
  class space    used 5767K, capacity 6070K, committed 6144K, reserved 1048576K
Event: 10.388 GC heap after
Heap after GC invocations=14 (full 6):
 PSYoungGen      total 552960K, used 0K [0x000000066b000000, 0x000000068f680000, 0x00000007c0000000)
  eden space 509440K, 0% used [0x000000066b000000,0x000000066b000000,0x000000068a180000)
  from space 43520K, 0% used [0x000000068cc00000,0x000000068cc00000,0x000000068f680000)
  to   space 43520K, 0% used [0x000000068a180000,0x000000068a180000,0x000000068cc00000)
 ParOldGen       total 673280K, used 23837K [0x00000003c1000000, 0x00000003ea180000, 0x000000066b000000)
  object space 673280K, 3% used [0x00000003c1000000,0x00000003c2747480,0x00000003ea180000)
 Metaspace       used 53022K, capacity 54196K, committed 54488K, reserved 1097728K
  class space    used 5767K, capacity 6070K, committed 6144K, reserved 1048576K
}
Event: 10.439 GC heap before
{Heap before GC invocations=15 (full 6):
 PSYoungGen      total 552960K, used 32256K [0x000000066b000000, 0x000000068f680000, 0x00000007c0000000)
  eden space 509440K, 6% used [0x000000066b000000,0x000000066cf802c8,0x000000068a180000)
  from space 43520K, 0% used [0x000000068cc00000,0x000000068cc00000,0x000000068f680000)
  to   space 43520K, 0% used [0x000000068a180000,0x000000068a180000,0x000000068cc00000)
 ParOldGen       total 673280K, used 23837K [0x00000003c1000000, 0x00000003ea180000, 0x000000066b000000)
  object space 673280K, 3% used [0x00000003c1000000,0x00000003c2747480,0x00000003ea180000)
 Metaspace       used 53108K, capacity 54280K, committed 54488K, reserved 1097728K
  class space    used 5772K, capacity 6078K, committed 6144K, reserved 1048576K
Event: 10.441 GC heap after
Heap after GC invocations=15 (full 6):
 PSYoungGen      total 552960K, used 678K [0x000000066b000000, 0x000000068f680000, 0x00000007c0000000)
  eden space 509440K, 0% used [0x000000066b000000,0x000000066b000000,0x000000068a180000)
  from space 43520K, 1% used [0x000000068a180000,0x000000068a229a90,0x000000068cc00000)
  to   space 43520K, 0% used [0x000000068cc00000,0x000000068cc00000,0x000000068f680000)
 ParOldGen       total 673280K, used 23845K [0x00000003c1000000, 0x00000003ea180000, 0x000000066b000000)
  object space 673280K, 3% used [0x00000003c1000000,0x00000003c2749480,0x00000003ea180000)
 Metaspace       used 53108K, capacity 54280K, committed 54488K, reserved 1097728K
  class space    used 5772K, capacity 6078K, committed 6144K, reserved 1048576K
}
Event: 10.441 GC heap before
{Heap before GC invocations=16 (full 7):
 PSYoungGen      total 552960K, used 678K [0x000000066b000000, 0x000000068f680000, 0x00000007c0000000)
  eden space 509440K, 0% used [0x000000066b000000,0x000000066b000000,0x000000068a180000)
  from space 43520K, 1% used [0x000000068a180000,0x000000068a229a90,0x000000068cc00000)
  to   space 43520K, 0% used [0x000000068cc00000,0x000000068cc00000,0x000000068f680000)
 ParOldGen       total 673280K, used 23845K [0x00000003c1000000, 0x00000003ea180000, 0x000000066b000000)
  object space 673280K, 3% used [0x00000003c1000000,0x00000003c2749480,0x00000003ea180000)
 Metaspace       used 53108K, capacity 54280K, committed 54488K, reserved 1097728K
  class space    used 5772K, capacity 6078K, committed 6144K, reserved 1048576K
Event: 10.498 GC heap after
Heap after GC invocations=16 (full 7):
 PSYoungGen      total 552960K, used 0K [0x000000066b000000, 0x000000068f680000, 0x00000007c0000000)
  eden space 509440K, 0% used [0x000000066b000000,0x000000066b000000,0x000000068a180000)
  from space 43520K, 0% used [0x000000068a180000,0x000000068a180000,0x000000068cc00000)
  to   space 43520K, 0% used [0x000000068cc00000,0x000000068cc00000,0x000000068f680000)
 ParOldGen       total 673280K, used 23773K [0x00000003c1000000, 0x00000003ea180000, 0x000000066b000000)
  object space 673280K, 3% used [0x00000003c1000000,0x00000003c27375d8,0x00000003ea180000)
 Metaspace       used 53108K, capacity 54280K, committed 54488K, reserved 1097728K
  class space    used 5772K, capacity 6078K, committed 6144K, reserved 1048576K
}

