# JRE version: Java(TM) SE Runtime Environment (8.0_181-b13) (build 1.8.0_181-b13)
# Java VM: Java HotSpot(TM) 64-Bit Server VM (25.181-b13 mixed mode windows-amd64 compressed oops)
Heap:
 PSYoungGen      total 545792K, used 54595K [0x000000066b000000, 0x000000068ef80000, 0x00000007c0000000)
  eden space 502272K, 10% used [0x000000066b000000,0x000000066e550d40,0x0000000689a80000)
  from space 43520K, 0% used [0x0000000689a80000,0x0000000689a80000,0x000000068c500000)
  to   space 43520K, 0% used [0x000000068c500000,0x000000068c500000,0x000000068ef80000)
 ParOldGen       total 680448K, used 23790K [0x00000003c1000000, 0x00000003ea880000, 0x000000066b000000)
  object space 680448K, 3% used [0x00000003c1000000,0x00000003c273b910,0x00000003ea880000)
 Metaspace       used 53953K, capacity 55290K, committed 55384K, reserved 1097728K
  class space    used 5877K, capacity 6223K, committed 6272K, reserved 1048576K
GC Heap History (10 events):
Event: 9.723 GC heap before
{Heap before GC invocations=12 (full 5):
 PSYoungGen      total 545792K, used 838K [0x000000066b000000, 0x000000068ef80000, 0x00000007c0000000)
  eden space 502272K, 0% used [0x000000066b000000,0x000000066b000000,0x0000000689a80000)
  from space 43520K, 1% used [0x0000000689a80000,0x0000000689b51a90,0x000000068c500000)
  to   space 43520K, 0% used [0x000000068c500000,0x000000068c500000,0x000000068ef80000)
 ParOldGen       total 680448K, used 24676K [0x00000003c1000000, 0x00000003ea880000, 0x000000066b000000)
  object space 680448K, 3% used [0x00000003c1000000,0x00000003c2819248,0x00000003ea880000)
 Metaspace       used 52873K, capacity 54002K, committed 54232K, reserved 1097728K
  class space    used 5739K, capacity 6029K, committed 6144K, reserved 1048576K
Event: 9.787 GC heap after
Heap after GC invocations=12 (full 5):
 PSYoungGen      total 545792K, used 0K [0x000000066b000000, 0x000000068ef80000, 0x00000007c0000000)
  eden space 502272K, 0% used [0x000000066b000000,0x000000066b000000,0x0000000689a80000)
  from space 43520K, 0% used [0x0000000689a80000,0x0000000689a80000,0x000000068c500000)
  to   space 43520K, 0% used [0x000000068c500000,0x000000068c500000,0x000000068ef80000)
 ParOldGen       total 680448K, used 23812K [0x00000003c1000000, 0x00000003ea880000, 0x000000066b000000)
  object space 680448K, 3% used [0x00000003c1000000,0x00000003c2741080,0x00000003ea880000)
 Metaspace       used 52873K, capacity 54002K, committed 54232K, reserved 1097728K
  class space    used 5739K, capacity 6029K, committed 6144K, reserved 1048576K
}
Event: 9.890 GC heap before
{Heap before GC invocations=13 (full 5):
 PSYoungGen      total 545792K, used 115659K [0x000000066b000000, 0x000000068ef80000, 0x00000007c0000000)
  eden space 502272K, 23% used [0x000000066b000000,0x00000006720f2f18,0x0000000689a80000)
  from space 43520K, 0% used [0x0000000689a80000,0x0000000689a80000,0x000000068c500000)
  to   space 43520K, 0% used [0x000000068c500000,0x000000068c500000,0x000000068ef80000)
 ParOldGen       total 680448K, used 23812K [0x00000003c1000000, 0x00000003ea880000, 0x000000066b000000)
  object space 680448K, 3% used [0x00000003c1000000,0x00000003c2741080,0x00000003ea880000)
 Metaspace       used 53107K, capacity 54328K, committed 54488K, reserved 1097728K
  class space    used 5768K, capacity 6068K, committed 6144K, reserved 1048576K
Event: 9.892 GC heap after
Heap after GC invocations=13 (full 5):
 PSYoungGen      total 545792K, used 838K [0x000000066b000000, 0x000000068ef80000, 0x00000007c0000000)
  eden space 502272K, 0% used [0x000000066b000000,0x000000066b000000,0x0000000689a80000)
  from space 43520K, 1% used [0x000000068c500000,0x000000068c5d1a90,0x000000068ef80000)
  to   space 43520K, 0% used [0x0000000689a80000,0x0000000689a80000,0x000000068c500000)
 ParOldGen       total 680448K, used 23820K [0x00000003c1000000, 0x00000003ea880000, 0x000000066b000000)
  object space 680448K, 3% used [0x00000003c1000000,0x00000003c2743080,0x00000003ea880000)
 Metaspace       used 53107K, capacity 54328K, committed 54488K, reserved 1097728K
  class space    used 5768K, capacity 6068K, committed 6144K, reserved 1048576K
}
Event: 9.892 GC heap before
{Heap before GC invocations=14 (full 6):
 PSYoungGen      total 545792K, used 838K [0x000000066b000000, 0x000000068ef80000, 0x00000007c0000000)
  eden space 502272K, 0% used [0x000000066b000000,0x000000066b000000,0x0000000689a80000)
  from space 43520K, 1% used [0x000000068c500000,0x000000068c5d1a90,0x000000068ef80000)
  to   space 43520K, 0% used [0x0000000689a80000,0x0000000689a80000,0x000000068c500000)
 ParOldGen       total 680448K, used 23820K [0x00000003c1000000, 0x00000003ea880000, 0x000000066b000000)
  object space 680448K, 3% used [0x00000003c1000000,0x00000003c2743080,0x00000003ea880000)
 Metaspace       used 53107K, capacity 54328K, committed 54488K, reserved 1097728K
  class space    used 5768K, capacity 6068K, committed 6144K, reserved 1048576K
Event: 10.060 GC heap after
Heap after GC invocations=14 (full 6):
 PSYoungGen      total 545792K, used 0K [0x000000066b000000, 0x000000068ef80000, 0x00000007c0000000)
  eden space 502272K, 0% used [0x000000066b000000,0x000000066b000000,0x0000000689a80000)
  from space 43520K, 0% used [0x000000068c500000,0x000000068c500000,0x000000068ef80000)
  to   space 43520K, 0% used [0x0000000689a80000,0x0000000689a80000,0x000000068c500000)
 ParOldGen       total 680448K, used 23854K [0x00000003c1000000, 0x00000003ea880000, 0x000000066b000000)
  object space 680448K, 3% used [0x00000003c1000000,0x00000003c274ba60,0x00000003ea880000)
 Metaspace       used 53107K, capacity 54328K, committed 54488K, reserved 1097728K
  class space    used 5768K, capacity 6068K, committed 6144K, reserved 1048576K
}
Event: 10.110 GC heap before
{Heap before GC invocations=15 (full 6):
 PSYoungGen      total 545792K, used 40952K [0x000000066b000000, 0x000000068ef80000, 0x00000007c0000000)
  eden space 502272K, 8% used [0x000000066b000000,0x000000066d7fe0e8,0x0000000689a80000)
  from space 43520K, 0% used [0x000000068c500000,0x000000068c500000,0x000000068ef80000)
  to   space 43520K, 0% used [0x0000000689a80000,0x0000000689a80000,0x000000068c500000)
 ParOldGen       total 680448K, used 23854K [0x00000003c1000000, 0x00000003ea880000, 0x000000066b000000)
  object space 680448K, 3% used [0x00000003c1000000,0x00000003c274ba60,0x00000003ea880000)
 Metaspace       used 53191K, capacity 54348K, committed 54488K, reserved 1097728K
  class space    used 5772K, capacity 6076K, committed 6144K, reserved 1048576K
Event: 10.112 GC heap after
Heap after GC invocations=15 (full 6):
 PSYoungGen      total 545792K, used 742K [0x000000066b000000, 0x000000068ef80000, 0x00000007c0000000)
  eden space 502272K, 0% used [0x000000066b000000,0x000000066b000000,0x0000000689a80000)
  from space 43520K, 1% used [0x0000000689a80000,0x0000000689b39a90,0x000000068c500000)
  to   space 43520K, 0% used [0x000000068c500000,0x000000068c500000,0x000000068ef80000)
 ParOldGen       total 680448K, used 23862K [0x00000003c1000000, 0x00000003ea880000, 0x000000066b000000)
  object space 680448K, 3% used [0x00000003c1000000,0x00000003c274da60,0x00000003ea880000)
 Metaspace       used 53191K, capacity 54348K, committed 54488K, reserved 1097728K
  class space    used 5772K, capacity 6076K, committed 6144K, reserved 1048576K
}
Event: 10.112 GC heap before
{Heap before GC invocations=16 (full 7):
 PSYoungGen      total 545792K, used 742K [0x000000066b000000, 0x000000068ef80000, 0x00000007c0000000)
  eden space 502272K, 0% used [0x000000066b000000,0x000000066b000000,0x0000000689a80000)
  from space 43520K, 1% used [0x0000000689a80000,0x0000000689b39a90,0x000000068c500000)
  to   space 43520K, 0% used [0x000000068c500000,0x000000068c500000,0x000000068ef80000)
 ParOldGen       total 680448K, used 23862K [0x00000003c1000000, 0x00000003ea880000, 0x000000066b000000)
  object space 680448K, 3% used [0x00000003c1000000,0x00000003c274da60,0x00000003ea880000)
 Metaspace       used 53191K, capacity 54348K, committed 54488K, reserved 1097728K
  class space    used 5772K, capacity 6076K, committed 6144K, reserved 1048576K
Event: 10.161 GC heap after
Heap after GC invocations=16 (full 7):
 PSYoungGen      total 545792K, used 0K [0x000000066b000000, 0x000000068ef80000, 0x00000007c0000000)
  eden space 502272K, 0% used [0x000000066b000000,0x000000066b000000,0x0000000689a80000)
  from space 43520K, 0% used [0x0000000689a80000,0x0000000689a80000,0x000000068c500000)
  to   space 43520K, 0% used [0x000000068c500000,0x000000068c500000,0x000000068ef80000)
 ParOldGen       total 680448K, used 23790K [0x00000003c1000000, 0x00000003ea880000, 0x000000066b000000)
  object space 680448K, 3% used [0x00000003c1000000,0x00000003c273b910,0x00000003ea880000)
 Metaspace       used 53191K, capacity 54348K, committed 54488K, reserved 1097728K
  class space    used 5772K, capacity 6076K, committed 6144K, reserved 1048576K
}

