# JRE version: Java(TM) SE Runtime Environment (8.0_181-b13) (build 1.8.0_181-b13)
# Java VM: Java HotSpot(TM) 64-Bit Server VM (25.181-b13 mixed mode windows-amd64 compressed oops)
Heap:
 PSYoungGen      total 564224K, used 41310K [0x000000066b000000, 0x0000000690180000, 0x00000007c0000000)
  eden space 520704K, 7% used [0x000000066b000000,0x000000066d8579e0,0x000000068ac80000)
  from space 43520K, 0% used [0x000000068ac80000,0x000000068ac80000,0x000000068d700000)
  to   space 43520K, 0% used [0x000000068d700000,0x000000068d700000,0x0000000690180000)
 ParOldGen       total 656896K, used 23791K [0x00000003c1000000, 0x00000003e9180000, 0x000000066b000000)
  object space 656896K, 3% used [0x00000003c1000000,0x00000003c273bcd8,0x00000003e9180000)
 Metaspace       used 53931K, capacity 55290K, committed 55384K, reserved 1097728K
  class space    used 5877K, capacity 6225K, committed 6272K, reserved 1048576K
GC Heap History (10 events):
Event: 9.369 GC heap before
{Heap before GC invocations=12 (full 5):
 PSYoungGen      total 564224K, used 838K [0x000000066b000000, 0x0000000690180000, 0x00000007c0000000)
  eden space 520704K, 0% used [0x000000066b000000,0x000000066b000000,0x000000068ac80000)
  from space 43520K, 1% used [0x000000068ac80000,0x000000068ad51a90,0x000000068d700000)
  to   space 43520K, 0% used [0x000000068d700000,0x000000068d700000,0x0000000690180000)
 ParOldGen       total 656896K, used 24676K [0x00000003c1000000, 0x00000003e9180000, 0x000000066b000000)
  object space 656896K, 3% used [0x00000003c1000000,0x00000003c28190b0,0x00000003e9180000)
 Metaspace       used 52846K, capacity 53942K, committed 54232K, reserved 1097728K
  class space    used 5740K, capacity 6031K, committed 6144K, reserved 1048576K
Event: 9.437 GC heap after
Heap after GC invocations=12 (full 5):
 PSYoungGen      total 564224K, used 0K [0x000000066b000000, 0x0000000690180000, 0x00000007c0000000)
  eden space 520704K, 0% used [0x000000066b000000,0x000000066b000000,0x000000068ac80000)
  from space 43520K, 0% used [0x000000068ac80000,0x000000068ac80000,0x000000068d700000)
  to   space 43520K, 0% used [0x000000068d700000,0x000000068d700000,0x0000000690180000)
 ParOldGen       total 656896K, used 23811K [0x00000003c1000000, 0x00000003e9180000, 0x000000066b000000)
  object space 656896K, 3% used [0x00000003c1000000,0x00000003c2740ea0,0x00000003e9180000)
 Metaspace       used 52846K, capacity 53942K, committed 54232K, reserved 1097728K
  class space    used 5740K, capacity 6031K, committed 6144K, reserved 1048576K
}
Event: 9.541 GC heap before
{Heap before GC invocations=13 (full 5):
 PSYoungGen      total 564224K, used 140743K [0x000000066b000000, 0x0000000690180000, 0x00000007c0000000)
  eden space 520704K, 27% used [0x000000066b000000,0x0000000673971ea0,0x000000068ac80000)
  from space 43520K, 0% used [0x000000068ac80000,0x000000068ac80000,0x000000068d700000)
  to   space 43520K, 0% used [0x000000068d700000,0x000000068d700000,0x0000000690180000)
 ParOldGen       total 656896K, used 23811K [0x00000003c1000000, 0x00000003e9180000, 0x000000066b000000)
  object space 656896K, 3% used [0x00000003c1000000,0x00000003c2740ea0,0x00000003e9180000)
 Metaspace       used 53089K, capacity 54264K, committed 54488K, reserved 1097728K
  class space    used 5769K, capacity 6070K, committed 6144K, reserved 1048576K
Event: 9.544 GC heap after
Heap after GC invocations=13 (full 5):
 PSYoungGen      total 564224K, used 838K [0x000000066b000000, 0x0000000690180000, 0x00000007c0000000)
  eden space 520704K, 0% used [0x000000066b000000,0x000000066b000000,0x000000068ac80000)
  from space 43520K, 1% used [0x000000068d700000,0x000000068d7d1a90,0x0000000690180000)
  to   space 43520K, 0% used [0x000000068ac80000,0x000000068ac80000,0x000000068d700000)
 ParOldGen       total 656896K, used 23819K [0x00000003c1000000, 0x00000003e9180000, 0x000000066b000000)
  object space 656896K, 3% used [0x00000003c1000000,0x00000003c2742ea0,0x00000003e9180000)
 Metaspace       used 53089K, capacity 54264K, committed 54488K, reserved 1097728K
  class space    used 5769K, capacity 6070K, committed 6144K, reserved 1048576K
}
Event: 9.544 GC heap before
{Heap before GC invocations=14 (full 6):
 PSYoungGen      total 564224K, used 838K [0x000000066b000000, 0x0000000690180000, 0x00000007c0000000)
  eden space 520704K, 0% used [0x000000066b000000,0x000000066b000000,0x000000068ac80000)
  from space 43520K, 1% used [0x000000068d700000,0x000000068d7d1a90,0x0000000690180000)
  to   space 43520K, 0% used [0x000000068ac80000,0x000000068ac80000,0x000000068d700000)
 ParOldGen       total 656896K, used 23819K [0x00000003c1000000, 0x00000003e9180000, 0x000000066b000000)
  object space 656896K, 3% used [0x00000003c1000000,0x00000003c2742ea0,0x00000003e9180000)
 Metaspace       used 53089K, capacity 54264K, committed 54488K, reserved 1097728K
  class space    used 5769K, capacity 6070K, committed 6144K, reserved 1048576K
Event: 9.706 GC heap after
Heap after GC invocations=14 (full 6):
 PSYoungGen      total 564224K, used 0K [0x000000066b000000, 0x0000000690180000, 0x00000007c0000000)
  eden space 520704K, 0% used [0x000000066b000000,0x000000066b000000,0x000000068ac80000)
  from space 43520K, 0% used [0x000000068d700000,0x000000068d700000,0x0000000690180000)
  to   space 43520K, 0% used [0x000000068ac80000,0x000000068ac80000,0x000000068d700000)
 ParOldGen       total 656896K, used 23854K [0x00000003c1000000, 0x00000003e9180000, 0x000000066b000000)
  object space 656896K, 3% used [0x00000003c1000000,0x00000003c274bb20,0x00000003e9180000)
 Metaspace       used 53089K, capacity 54264K, committed 54488K, reserved 1097728K
  class space    used 5769K, capacity 6070K, committed 6144K, reserved 1048576K
}
Event: 9.755 GC heap before
{Heap before GC invocations=15 (full 6):
 PSYoungGen      total 564224K, used 32046K [0x000000066b000000, 0x0000000690180000, 0x00000007c0000000)
  eden space 520704K, 6% used [0x000000066b000000,0x000000066cf4b8f0,0x000000068ac80000)
  from space 43520K, 0% used [0x000000068d700000,0x000000068d700000,0x0000000690180000)
  to   space 43520K, 0% used [0x000000068ac80000,0x000000068ac80000,0x000000068d700000)
 ParOldGen       total 656896K, used 23854K [0x00000003c1000000, 0x00000003e9180000, 0x000000066b000000)
  object space 656896K, 3% used [0x00000003c1000000,0x00000003c274bb20,0x00000003e9180000)
 Metaspace       used 53161K, capacity 54348K, committed 54488K, reserved 1097728K
  class space    used 5773K, capacity 6078K, committed 6144K, reserved 1048576K
Event: 9.758 GC heap after
Heap after GC invocations=15 (full 6):
 PSYoungGen      total 564224K, used 742K [0x000000066b000000, 0x0000000690180000, 0x00000007c0000000)
  eden space 520704K, 0% used [0x000000066b000000,0x000000066b000000,0x000000068ac80000)
  from space 43520K, 1% used [0x000000068ac80000,0x000000068ad39a90,0x000000068d700000)
  to   space 43520K, 0% used [0x000000068d700000,0x000000068d700000,0x0000000690180000)
 ParOldGen       total 656896K, used 23862K [0x00000003c1000000, 0x00000003e9180000, 0x000000066b000000)
  object space 656896K, 3% used [0x00000003c1000000,0x00000003c274db20,0x00000003e9180000)
 Metaspace       used 53161K, capacity 54348K, committed 54488K, reserved 1097728K
  class space    used 5773K, capacity 6078K, committed 6144K, reserved 1048576K
}
Event: 9.758 GC heap before
{Heap before GC invocations=16 (full 7):
 PSYoungGen      total 564224K, used 742K [0x000000066b000000, 0x0000000690180000, 0x00000007c0000000)
  eden space 520704K, 0% used [0x000000066b000000,0x000000066b000000,0x000000068ac80000)
  from space 43520K, 1% used [0x000000068ac80000,0x000000068ad39a90,0x000000068d700000)
  to   space 43520K, 0% used [0x000000068d700000,0x000000068d700000,0x0000000690180000)
 ParOldGen       total 656896K, used 23862K [0x00000003c1000000, 0x00000003e9180000, 0x000000066b000000)
  object space 656896K, 3% used [0x00000003c1000000,0x00000003c274db20,0x00000003e9180000)
 Metaspace       used 53161K, capacity 54348K, committed 54488K, reserved 1097728K
  class space    used 5773K, capacity 6078K, committed 6144K, reserved 1048576K
Event: 9.812 GC heap after
Heap after GC invocations=16 (full 7):
 PSYoungGen      total 564224K, used 0K [0x000000066b000000, 0x0000000690180000, 0x00000007c0000000)
  eden space 520704K, 0% used [0x000000066b000000,0x000000066b000000,0x000000068ac80000)
  from space 43520K, 0% used [0x000000068ac80000,0x000000068ac80000,0x000000068d700000)
  to   space 43520K, 0% used [0x000000068d700000,0x000000068d700000,0x0000000690180000)
 ParOldGen       total 656896K, used 23791K [0x00000003c1000000, 0x00000003e9180000, 0x000000066b000000)
  object space 656896K, 3% used [0x00000003c1000000,0x00000003c273bcd8,0x00000003e9180000)
 Metaspace       used 53161K, capacity 54348K, committed 54488K, reserved 1097728K
  class space    used 5773K, capacity 6078K, committed 6144K, reserved 1048576K
}

