# JRE version: Java(TM) SE Runtime Environment (8.0_181-b13) (build 1.8.0_181-b13)
# Java VM: Java HotSpot(TM) 64-Bit Server VM (25.181-b13 mixed mode windows-amd64 compressed oops)
Heap:
 PSYoungGen      total 559104K, used 50941K [0x000000066b000000, 0x000000068fc80000, 0x00000007c0000000)
  eden space 515584K, 9% used [0x000000066b000000,0x000000066e1bf510,0x000000068a780000)
  from space 43520K, 0% used [0x000000068a780000,0x000000068a780000,0x000000068d200000)
  to   space 43520K, 0% used [0x000000068d200000,0x000000068d200000,0x000000068fc80000)
 ParOldGen       total 660992K, used 23803K [0x00000003c1000000, 0x00000003e9580000, 0x000000066b000000)
  object space 660992K, 3% used [0x00000003c1000000,0x00000003c273ef60,0x00000003e9580000)
 Metaspace       used 53934K, capacity 55286K, committed 55384K, reserved 1097728K
  class space    used 5877K, capacity 6225K, committed 6272K, reserved 1048576K
GC Heap History (10 events):
Event: 9.465 GC heap before
{Heap before GC invocations=12 (full 5):
 PSYoungGen      total 559104K, used 838K [0x000000066b000000, 0x000000068fc80000, 0x00000007c0000000)
  eden space 515584K, 0% used [0x000000066b000000,0x000000066b000000,0x000000068a780000)
  from space 43520K, 1% used [0x000000068a780000,0x000000068a851a90,0x000000068d200000)
  to   space 43520K, 0% used [0x000000068d200000,0x000000068d200000,0x000000068fc80000)
 ParOldGen       total 660992K, used 24689K [0x00000003c1000000, 0x00000003e9580000, 0x000000066b000000)
  object space 660992K, 3% used [0x00000003c1000000,0x00000003c281c630,0x00000003e9580000)
 Metaspace       used 52816K, capacity 53870K, committed 54232K, reserved 1097728K
  class space    used 5738K, capacity 6031K, committed 6144K, reserved 1048576K
Event: 9.532 GC heap after
Heap after GC invocations=12 (full 5):
 PSYoungGen      total 559104K, used 0K [0x000000066b000000, 0x000000068fc80000, 0x00000007c0000000)
  eden space 515584K, 0% used [0x000000066b000000,0x000000066b000000,0x000000068a780000)
  from space 43520K, 0% used [0x000000068a780000,0x000000068a780000,0x000000068d200000)
  to   space 43520K, 0% used [0x000000068d200000,0x000000068d200000,0x000000068fc80000)
 ParOldGen       total 660992K, used 23825K [0x00000003c1000000, 0x00000003e9580000, 0x000000066b000000)
  object space 660992K, 3% used [0x00000003c1000000,0x00000003c2744508,0x00000003e9580000)
 Metaspace       used 52816K, capacity 53870K, committed 54232K, reserved 1097728K
  class space    used 5738K, capacity 6031K, committed 6144K, reserved 1048576K
}
Event: 9.635 GC heap before
{Heap before GC invocations=13 (full 5):
 PSYoungGen      total 559104K, used 118723K [0x000000066b000000, 0x000000068fc80000, 0x00000007c0000000)
  eden space 515584K, 23% used [0x000000066b000000,0x00000006723f0f58,0x000000068a780000)
  from space 43520K, 0% used [0x000000068a780000,0x000000068a780000,0x000000068d200000)
  to   space 43520K, 0% used [0x000000068d200000,0x000000068d200000,0x000000068fc80000)
 ParOldGen       total 660992K, used 23825K [0x00000003c1000000, 0x00000003e9580000, 0x000000066b000000)
  object space 660992K, 3% used [0x00000003c1000000,0x00000003c2744508,0x00000003e9580000)
 Metaspace       used 53046K, capacity 54196K, committed 54488K, reserved 1097728K
  class space    used 5767K, capacity 6070K, committed 6144K, reserved 1048576K
Event: 9.638 GC heap after
Heap after GC invocations=13 (full 5):
 PSYoungGen      total 559104K, used 838K [0x000000066b000000, 0x000000068fc80000, 0x00000007c0000000)
  eden space 515584K, 0% used [0x000000066b000000,0x000000066b000000,0x000000068a780000)
  from space 43520K, 1% used [0x000000068d200000,0x000000068d2d1a90,0x000000068fc80000)
  to   space 43520K, 0% used [0x000000068a780000,0x000000068a780000,0x000000068d200000)
 ParOldGen       total 660992K, used 23833K [0x00000003c1000000, 0x00000003e9580000, 0x000000066b000000)
  object space 660992K, 3% used [0x00000003c1000000,0x00000003c2746508,0x00000003e9580000)
 Metaspace       used 53046K, capacity 54196K, committed 54488K, reserved 1097728K
  class space    used 5767K, capacity 6070K, committed 6144K, reserved 1048576K
}
Event: 9.638 GC heap before
{Heap before GC invocations=14 (full 6):
 PSYoungGen      total 559104K, used 838K [0x000000066b000000, 0x000000068fc80000, 0x00000007c0000000)
  eden space 515584K, 0% used [0x000000066b000000,0x000000066b000000,0x000000068a780000)
  from space 43520K, 1% used [0x000000068d200000,0x000000068d2d1a90,0x000000068fc80000)
  to   space 43520K, 0% used [0x000000068a780000,0x000000068a780000,0x000000068d200000)
 ParOldGen       total 660992K, used 23833K [0x00000003c1000000, 0x00000003e9580000, 0x000000066b000000)
  object space 660992K, 3% used [0x00000003c1000000,0x00000003c2746508,0x00000003e9580000)
 Metaspace       used 53046K, capacity 54196K, committed 54488K, reserved 1097728K
  class space    used 5767K, capacity 6070K, committed 6144K, reserved 1048576K
Event: 9.814 GC heap after
Heap after GC invocations=14 (full 6):
 PSYoungGen      total 559104K, used 0K [0x000000066b000000, 0x000000068fc80000, 0x00000007c0000000)
  eden space 515584K, 0% used [0x000000066b000000,0x000000066b000000,0x000000068a780000)
  from space 43520K, 0% used [0x000000068d200000,0x000000068d200000,0x000000068fc80000)
  to   space 43520K, 0% used [0x000000068a780000,0x000000068a780000,0x000000068d200000)
 ParOldGen       total 660992K, used 23868K [0x00000003c1000000, 0x00000003e9580000, 0x000000066b000000)
  object space 660992K, 3% used [0x00000003c1000000,0x00000003c274f040,0x00000003e9580000)
 Metaspace       used 53046K, capacity 54196K, committed 54488K, reserved 1097728K
  class space    used 5767K, capacity 6070K, committed 6144K, reserved 1048576K
}
Event: 9.863 GC heap before
{Heap before GC invocations=15 (full 6):
 PSYoungGen      total 559104K, used 39458K [0x000000066b000000, 0x000000068fc80000, 0x00000007c0000000)
  eden space 515584K, 7% used [0x000000066b000000,0x000000066d688b10,0x000000068a780000)
  from space 43520K, 0% used [0x000000068d200000,0x000000068d200000,0x000000068fc80000)
  to   space 43520K, 0% used [0x000000068a780000,0x000000068a780000,0x000000068d200000)
 ParOldGen       total 660992K, used 23868K [0x00000003c1000000, 0x00000003e9580000, 0x000000066b000000)
  object space 660992K, 3% used [0x00000003c1000000,0x00000003c274f040,0x00000003e9580000)
 Metaspace       used 53149K, capacity 54280K, committed 54488K, reserved 1097728K
  class space    used 5772K, capacity 6078K, committed 6144K, reserved 1048576K
Event: 9.865 GC heap after
Heap after GC invocations=15 (full 6):
 PSYoungGen      total 559104K, used 774K [0x000000066b000000, 0x000000068fc80000, 0x00000007c0000000)
  eden space 515584K, 0% used [0x000000066b000000,0x000000066b000000,0x000000068a780000)
  from space 43520K, 1% used [0x000000068a780000,0x000000068a841a90,0x000000068d200000)
  to   space 43520K, 0% used [0x000000068d200000,0x000000068d200000,0x000000068fc80000)
 ParOldGen       total 660992K, used 23876K [0x00000003c1000000, 0x00000003e9580000, 0x000000066b000000)
  object space 660992K, 3% used [0x00000003c1000000,0x00000003c2751040,0x00000003e9580000)
 Metaspace       used 53149K, capacity 54280K, committed 54488K, reserved 1097728K
  class space    used 5772K, capacity 6078K, committed 6144K, reserved 1048576K
}
Event: 9.865 GC heap before
{Heap before GC invocations=16 (full 7):
 PSYoungGen      total 559104K, used 774K [0x000000066b000000, 0x000000068fc80000, 0x00000007c0000000)
  eden space 515584K, 0% used [0x000000066b000000,0x000000066b000000,0x000000068a780000)
  from space 43520K, 1% used [0x000000068a780000,0x000000068a841a90,0x000000068d200000)
  to   space 43520K, 0% used [0x000000068d200000,0x000000068d200000,0x000000068fc80000)
 ParOldGen       total 660992K, used 23876K [0x00000003c1000000, 0x00000003e9580000, 0x000000066b000000)
  object space 660992K, 3% used [0x00000003c1000000,0x00000003c2751040,0x00000003e9580000)
 Metaspace       used 53149K, capacity 54280K, committed 54488K, reserved 1097728K
  class space    used 5772K, capacity 6078K, committed 6144K, reserved 1048576K
Event: 9.916 GC heap after
Heap after GC invocations=16 (full 7):
 PSYoungGen      total 559104K, used 0K [0x000000066b000000, 0x000000068fc80000, 0x00000007c0000000)
  eden space 515584K, 0% used [0x000000066b000000,0x000000066b000000,0x000000068a780000)
  from space 43520K, 0% used [0x000000068a780000,0x000000068a780000,0x000000068d200000)
  to   space 43520K, 0% used [0x000000068d200000,0x000000068d200000,0x000000068fc80000)
 ParOldGen       total 660992K, used 23803K [0x00000003c1000000, 0x00000003e9580000, 0x000000066b000000)
  object space 660992K, 3% used [0x00000003c1000000,0x00000003c273ef60,0x00000003e9580000)
 Metaspace       used 53149K, capacity 54280K, committed 54488K, reserved 1097728K
  class space    used 5772K, capacity 6078K, committed 6144K, reserved 1048576K
}

